<?xml version="1.0" encoding="UTF-8"?>

<mule xmlns:data-mapper="http://www.mulesoft.org/schema/mule/ee/data-mapper" xmlns:sap="http://www.mulesoft.org/schema/mule/sap" xmlns:sfdc="http://www.mulesoft.org/schema/mule/sfdc" xmlns="http://www.mulesoft.org/schema/mule/core" xmlns:doc="http://www.mulesoft.org/schema/mule/documentation" xmlns:spring="http://www.springframework.org/schema/beans" version="EE-3.6.0" xmlns:xsi="http://www.w3.org/2001/XMLSchema-instance" xsi:schemaLocation="http://www.springframework.org/schema/beans http://www.springframework.org/schema/beans/spring-beans-current.xsd
http://www.mulesoft.org/schema/mule/core http://www.mulesoft.org/schema/mule/core/current/mule.xsd
http://www.mulesoft.org/schema/mule/sfdc http://www.mulesoft.org/schema/mule/sfdc/current/mule-sfdc.xsd
http://www.mulesoft.org/schema/mule/sap http://www.mulesoft.org/schema/mule/sap/current/mule-sap.xsd
http://www.mulesoft.org/schema/mule/ee/data-mapper http://www.mulesoft.org/schema/mule/ee/data-mapper/current/mule-data-mapper.xsd">
    <data-mapper:config name="BAPI_CUSTOMER_GETINTNUMBER_to_Customr_Number" transformationGraphPath="bapi_customer_getintnumber_to_customr_number.grf" doc:name="DataMapper"/>
    <data-mapper:config name="Salesfore_Account_to_DEBMAS01" transformationGraphPath="salesfore_account_to_debmas01.grf" doc:name="DataMapper"/>
    <sub-flow name="createAccountSapFlow" doc:name="createAccountSapFlow">
        <logger level="INFO" doc:name="Logger" message="#[payload]"/>
        
		<processor-chain doc:name="Processor Chain">
			<sap:outbound-endpoint exchange-pattern="request-response"
				connector-ref="SAP" type="function" functionName="BAPI_CUSTOMER_GETINTNUMBER"
				xmlVersion="2" outputXml="true" evaluateFunctionResponse="true"
				responseTimeout="10000" doc:name="Get Next Customer Number from SAP">
                <sap:definition><![CDATA[<BAPI_CUSTOMER_GETINTNUMBER>
	<import>
		<ACCOUNTGROUP>ZAG2</ACCOUNTGROUP>
	</import>
</BAPI_CUSTOMER_GETINTNUMBER>
]]></sap:definition>

			</sap:outbound-endpoint>
			<data-mapper:transform config-ref="BAPI_CUSTOMER_GETINTNUMBER_to_Customr_Number"
				doc:name="BAPI_CUSTOMER_GETINTNUMBER to Customr Number" />
			<expression-component doc:name="Expression"><![CDATA[payload['AccountGroup'] = '${sap.default.accountGroup}';]]></expression-component>
			<data-mapper:transform config-ref="Salesfore_Account_to_DEBMAS01"
				doc:name="Salesfore Account to DEBMAS01" />
			<sap:outbound-endpoint exchange-pattern="request-response"
				connector-ref="SAP" type="idoc" functionName="DEBMAS01" xmlVersion="2"
				outputXml="true" evaluateFunctionResponse="true" responseTimeout="10000"
				doc:name="Create Customer in SAP" />
		</processor-chain>
        <logger message="999999999999 #[payload]" level="INFO" doc:name="Logger"/>        
        
    </sub-flow>
    <sub-flow name="deleteAccountFromSapFlow" doc:name="deleteAccountFromSapFlow">
        <logger level="INFO" doc:name="Logger"/>
    </sub-flow>
    <sub-flow name="retrieveAccountFromSalesforceFlow" doc:name="retrieveAccountFromSalesforceFlow">
        <sfdc:query-single config-ref="Salesforce" query="SELECT Id, AccountNumber, Description, Fax, Industry, Name,NumberOfEmployees, ParentId, Phone FROM Account WHERE Name = '#[payload[&quot;Name&quot;]]'" doc:name="Salesforce" />
        <logger level="INFO" doc:name="Logger"/>
    </sub-flow>
    <sub-flow name="deleteAccountFromSalesforceFlow" doc:name="deleteAccountFromSalesforceFlow">
        <logger message="#[payload]" level="INFO" doc:name="Logger"/>
        <sfdc:delete config-ref="Salesforce" doc:name="Salesforce">
            <sfdc:ids ref="#[payload]"/>
        </sfdc:delete>
        <logger message="#[payload]" level="INFO" doc:name="Logger"/>
    </sub-flow>

</mule>
